running egg_info
writing build/motor_control/motor_control.egg-info/PKG-INFO
writing dependency_links to build/motor_control/motor_control.egg-info/dependency_links.txt
writing entry points to build/motor_control/motor_control.egg-info/entry_points.txt
writing requirements to build/motor_control/motor_control.egg-info/requires.txt
writing top-level names to build/motor_control/motor_control.egg-info/top_level.txt
reading manifest file 'build/motor_control/motor_control.egg-info/SOURCES.txt'
writing manifest file 'build/motor_control/motor_control.egg-info/SOURCES.txt'
running build
running build_py
copying motor_control/motor_controller.py -> /mnt/d/py-workspace/src/motor_control/build/motor_control/build/lib/motor_control
copying motor_control/motor_node.py -> /mnt/d/py-workspace/src/motor_control/build/motor_control/build/lib/motor_control
running install
running install_lib
copying /mnt/d/py-workspace/src/motor_control/build/motor_control/build/lib/motor_control/motor_controller.py -> /mnt/d/py-workspace/src/motor_control/install/motor_control/lib/python3.8/site-packages/motor_control
copying /mnt/d/py-workspace/src/motor_control/build/motor_control/build/lib/motor_control/motor_node.py -> /mnt/d/py-workspace/src/motor_control/install/motor_control/lib/python3.8/site-packages/motor_control
byte-compiling /mnt/d/py-workspace/src/motor_control/install/motor_control/lib/python3.8/site-packages/motor_control/motor_controller.py to motor_controller.cpython-38.pyc
byte-compiling /mnt/d/py-workspace/src/motor_control/install/motor_control/lib/python3.8/site-packages/motor_control/motor_node.py to motor_node.cpython-38.pyc
running install_data
running install_egg_info
removing '/mnt/d/py-workspace/src/motor_control/install/motor_control/lib/python3.8/site-packages/motor_control-0.0.0-py3.8.egg-info' (and everything under it)
Copying build/motor_control/motor_control.egg-info to /mnt/d/py-workspace/src/motor_control/install/motor_control/lib/python3.8/site-packages/motor_control-0.0.0-py3.8.egg-info
running install_scripts
Installing motor_manager script to /mnt/d/py-workspace/src/motor_control/install/motor_control/lib/motor_control
writing list of installed files to '/mnt/d/py-workspace/src/motor_control/build/motor_control/install.log'
