[1.225s] Invoking command in '/mnt/d/py-workspace/src/motor_control': PYTHONPATH=/mnt/d/py-workspace/src/motor_control/install/motor_control/lib/python3.8/site-packages:${PYTHONPATH} /usr/bin/python3 setup.py egg_info --egg-base build/motor_control build --build-base /mnt/d/py-workspace/src/motor_control/build/motor_control/build install --prefix /mnt/d/py-workspace/src/motor_control/install/motor_control --record /mnt/d/py-workspace/src/motor_control/build/motor_control/install.log --single-version-externally-managed
[1.673s] running egg_info
[1.673s] writing build/motor_control/motor_control.egg-info/PKG-INFO
[1.674s] writing dependency_links to build/motor_control/motor_control.egg-info/dependency_links.txt
[1.675s] writing entry points to build/motor_control/motor_control.egg-info/entry_points.txt
[1.675s] writing requirements to build/motor_control/motor_control.egg-info/requires.txt
[1.675s] writing top-level names to build/motor_control/motor_control.egg-info/top_level.txt
[1.718s] reading manifest file 'build/motor_control/motor_control.egg-info/SOURCES.txt'
[1.720s] writing manifest file 'build/motor_control/motor_control.egg-info/SOURCES.txt'
[1.720s] running build
[1.720s] running build_py
[1.721s] copying motor_control/motor_controller.py -> /mnt/d/py-workspace/src/motor_control/build/motor_control/build/lib/motor_control
[1.721s] copying motor_control/motor_node.py -> /mnt/d/py-workspace/src/motor_control/build/motor_control/build/lib/motor_control
[1.722s] running install
[1.723s] running install_lib
[1.725s] copying /mnt/d/py-workspace/src/motor_control/build/motor_control/build/lib/motor_control/motor_controller.py -> /mnt/d/py-workspace/src/motor_control/install/motor_control/lib/python3.8/site-packages/motor_control
[1.726s] copying /mnt/d/py-workspace/src/motor_control/build/motor_control/build/lib/motor_control/motor_node.py -> /mnt/d/py-workspace/src/motor_control/install/motor_control/lib/python3.8/site-packages/motor_control
[1.728s] byte-compiling /mnt/d/py-workspace/src/motor_control/install/motor_control/lib/python3.8/site-packages/motor_control/motor_controller.py to motor_controller.cpython-38.pyc
[1.731s] byte-compiling /mnt/d/py-workspace/src/motor_control/install/motor_control/lib/python3.8/site-packages/motor_control/motor_node.py to motor_node.cpython-38.pyc
[1.732s] running install_data
[1.733s] running install_egg_info
[1.736s] removing '/mnt/d/py-workspace/src/motor_control/install/motor_control/lib/python3.8/site-packages/motor_control-0.0.0-py3.8.egg-info' (and everything under it)
[1.738s] Copying build/motor_control/motor_control.egg-info to /mnt/d/py-workspace/src/motor_control/install/motor_control/lib/python3.8/site-packages/motor_control-0.0.0-py3.8.egg-info
[1.747s] running install_scripts
[1.772s] Installing motor_manager script to /mnt/d/py-workspace/src/motor_control/install/motor_control/lib/motor_control
[1.773s] writing list of installed files to '/mnt/d/py-workspace/src/motor_control/build/motor_control/install.log'
[1.796s] Invoked command in '/mnt/d/py-workspace/src/motor_control' returned '0': PYTHONPATH=/mnt/d/py-workspace/src/motor_control/install/motor_control/lib/python3.8/site-packages:${PYTHONPATH} /usr/bin/python3 setup.py egg_info --egg-base build/motor_control build --build-base /mnt/d/py-workspace/src/motor_control/build/motor_control/build install --prefix /mnt/d/py-workspace/src/motor_control/install/motor_control --record /mnt/d/py-workspace/src/motor_control/build/motor_control/install.log --single-version-externally-managed
