[1.271s] Invoking command in '/mnt/d/py-workspace/src/motor_control': PYTHONPATH=/mnt/d/py-workspace/src/motor_control/install/motor_control/lib/python3.8/site-packages:${PYTHONPATH} /usr/bin/python3 setup.py egg_info --egg-base build/motor_control build --build-base /mnt/d/py-workspace/src/motor_control/build/motor_control/build install --prefix /mnt/d/py-workspace/src/motor_control/install/motor_control --record /mnt/d/py-workspace/src/motor_control/build/motor_control/install.log --single-version-externally-managed
[1.733s] running egg_info
[1.734s] writing build/motor_control/motor_control.egg-info/PKG-INFO
[1.735s] writing dependency_links to build/motor_control/motor_control.egg-info/dependency_links.txt
[1.735s] writing entry points to build/motor_control/motor_control.egg-info/entry_points.txt
[1.736s] writing requirements to build/motor_control/motor_control.egg-info/requires.txt
[1.736s] writing top-level names to build/motor_control/motor_control.egg-info/top_level.txt
[1.780s] reading manifest file 'build/motor_control/motor_control.egg-info/SOURCES.txt'
[1.782s] writing manifest file 'build/motor_control/motor_control.egg-info/SOURCES.txt'
[1.783s] running build
[1.783s] running build_py
[1.784s] running install
[1.785s] running install_lib
[1.789s] running install_data
[1.790s] running install_egg_info
[1.794s] removing '/mnt/d/py-workspace/src/motor_control/install/motor_control/lib/python3.8/site-packages/motor_control-0.0.0-py3.8.egg-info' (and everything under it)
[1.795s] Copying build/motor_control/motor_control.egg-info to /mnt/d/py-workspace/src/motor_control/install/motor_control/lib/python3.8/site-packages/motor_control-0.0.0-py3.8.egg-info
[1.807s] running install_scripts
[1.832s] Installing motor_node script to /mnt/d/py-workspace/src/motor_control/install/motor_control/lib/motor_control
[1.833s] writing list of installed files to '/mnt/d/py-workspace/src/motor_control/build/motor_control/install.log'
[1.857s] Invoked command in '/mnt/d/py-workspace/src/motor_control' returned '0': PYTHONPATH=/mnt/d/py-workspace/src/motor_control/install/motor_control/lib/python3.8/site-packages:${PYTHONPATH} /usr/bin/python3 setup.py egg_info --egg-base build/motor_control build --build-base /mnt/d/py-workspace/src/motor_control/build/motor_control/build install --prefix /mnt/d/py-workspace/src/motor_control/install/motor_control --record /mnt/d/py-workspace/src/motor_control/build/motor_control/install.log --single-version-externally-managed
