[1.255s] Invoking command in '/mnt/d/py-workspace/src/motor_control': PYTHONPATH=/mnt/d/py-workspace/src/motor_control/install/motor_control/lib/python3.8/site-packages:${PYTHONPATH} /usr/bin/python3 setup.py egg_info --egg-base build/motor_control build --build-base /mnt/d/py-workspace/src/motor_control/build/motor_control/build install --prefix /mnt/d/py-workspace/src/motor_control/install/motor_control --record /mnt/d/py-workspace/src/motor_control/build/motor_control/install.log --single-version-externally-managed
[1.701s] running egg_info
[1.702s] writing build/motor_control/motor_control.egg-info/PKG-INFO
[1.703s] writing dependency_links to build/motor_control/motor_control.egg-info/dependency_links.txt
[1.703s] writing entry points to build/motor_control/motor_control.egg-info/entry_points.txt
[1.704s] writing requirements to build/motor_control/motor_control.egg-info/requires.txt
[1.704s] writing top-level names to build/motor_control/motor_control.egg-info/top_level.txt
[1.746s] reading manifest file 'build/motor_control/motor_control.egg-info/SOURCES.txt'
[1.748s] writing manifest file 'build/motor_control/motor_control.egg-info/SOURCES.txt'
[1.748s] running build
[1.749s] running build_py
[1.749s] running install
[1.751s] running install_lib
[1.755s] running install_data
[1.756s] running install_egg_info
[1.759s] removing '/mnt/d/py-workspace/src/motor_control/install/motor_control/lib/python3.8/site-packages/motor_control-0.0.0-py3.8.egg-info' (and everything under it)
[1.760s] Copying build/motor_control/motor_control.egg-info to /mnt/d/py-workspace/src/motor_control/install/motor_control/lib/python3.8/site-packages/motor_control-0.0.0-py3.8.egg-info
[1.771s] running install_scripts
[1.796s] Installing motor_manager script to /mnt/d/py-workspace/src/motor_control/install/motor_control/lib/motor_control
[1.797s] writing list of installed files to '/mnt/d/py-workspace/src/motor_control/build/motor_control/install.log'
[1.820s] Invoked command in '/mnt/d/py-workspace/src/motor_control' returned '0': PYTHONPATH=/mnt/d/py-workspace/src/motor_control/install/motor_control/lib/python3.8/site-packages:${PYTHONPATH} /usr/bin/python3 setup.py egg_info --egg-base build/motor_control build --build-base /mnt/d/py-workspace/src/motor_control/build/motor_control/build install --prefix /mnt/d/py-workspace/src/motor_control/install/motor_control --record /mnt/d/py-workspace/src/motor_control/build/motor_control/install.log --single-version-externally-managed
