[1.267s] Invoking command in '/mnt/d/py-workspace/src/motor_control': PYTHONPATH=/mnt/d/py-workspace/src/motor_control/install/motor_control/lib/python3.8/site-packages:${PYTHONPATH} /usr/bin/python3 setup.py egg_info --egg-base build/motor_control build --build-base /mnt/d/py-workspace/src/motor_control/build/motor_control/build install --prefix /mnt/d/py-workspace/src/motor_control/install/motor_control --record /mnt/d/py-workspace/src/motor_control/build/motor_control/install.log --single-version-externally-managed
[1.726s] running egg_info
[1.727s] writing build/motor_control/motor_control.egg-info/PKG-INFO
[1.727s] writing dependency_links to build/motor_control/motor_control.egg-info/dependency_links.txt
[1.728s] writing entry points to build/motor_control/motor_control.egg-info/entry_points.txt
[1.728s] writing requirements to build/motor_control/motor_control.egg-info/requires.txt
[1.729s] writing top-level names to build/motor_control/motor_control.egg-info/top_level.txt
[1.772s] reading manifest file 'build/motor_control/motor_control.egg-info/SOURCES.txt'
[1.774s] writing manifest file 'build/motor_control/motor_control.egg-info/SOURCES.txt'
[1.774s] running build
[1.775s] running build_py
[1.775s] copying motor_control/motor_node.py -> /mnt/d/py-workspace/src/motor_control/build/motor_control/build/lib/motor_control
[1.777s] running install
[1.778s] running install_lib
[1.781s] copying /mnt/d/py-workspace/src/motor_control/build/motor_control/build/lib/motor_control/motor_node.py -> /mnt/d/py-workspace/src/motor_control/install/motor_control/lib/python3.8/site-packages/motor_control
[1.783s] byte-compiling /mnt/d/py-workspace/src/motor_control/install/motor_control/lib/python3.8/site-packages/motor_control/motor_node.py to motor_node.cpython-38.pyc
[1.787s] running install_data
[1.788s] running install_egg_info
[1.791s] removing '/mnt/d/py-workspace/src/motor_control/install/motor_control/lib/python3.8/site-packages/motor_control-0.0.0-py3.8.egg-info' (and everything under it)
[1.793s] Copying build/motor_control/motor_control.egg-info to /mnt/d/py-workspace/src/motor_control/install/motor_control/lib/python3.8/site-packages/motor_control-0.0.0-py3.8.egg-info
[1.805s] running install_scripts
[1.831s] Installing motor_manager script to /mnt/d/py-workspace/src/motor_control/install/motor_control/lib/motor_control
[1.832s] writing list of installed files to '/mnt/d/py-workspace/src/motor_control/build/motor_control/install.log'
[1.858s] Invoked command in '/mnt/d/py-workspace/src/motor_control' returned '0': PYTHONPATH=/mnt/d/py-workspace/src/motor_control/install/motor_control/lib/python3.8/site-packages:${PYTHONPATH} /usr/bin/python3 setup.py egg_info --egg-base build/motor_control build --build-base /mnt/d/py-workspace/src/motor_control/build/motor_control/build install --prefix /mnt/d/py-workspace/src/motor_control/install/motor_control --record /mnt/d/py-workspace/src/motor_control/build/motor_control/install.log --single-version-externally-managed
