running egg_info
creating build/motor_control/motor_control.egg-info
writing build/motor_control/motor_control.egg-info/PKG-INFO
writing dependency_links to build/motor_control/motor_control.egg-info/dependency_links.txt
writing entry points to build/motor_control/motor_control.egg-info/entry_points.txt
writing requirements to build/motor_control/motor_control.egg-info/requires.txt
writing top-level names to build/motor_control/motor_control.egg-info/top_level.txt
writing manifest file 'build/motor_control/motor_control.egg-info/SOURCES.txt'
reading manifest file 'build/motor_control/motor_control.egg-info/SOURCES.txt'
writing manifest file 'build/motor_control/motor_control.egg-info/SOURCES.txt'
running build
running build_py
creating /mnt/d/py-workspace/src/motor_control/build/motor_control/build
creating /mnt/d/py-workspace/src/motor_control/build/motor_control/build/lib
creating /mnt/d/py-workspace/src/motor_control/build/motor_control/build/lib/motor_control
copying motor_control/controller.py -> /mnt/d/py-workspace/src/motor_control/build/motor_control/build/lib/motor_control
copying motor_control/motor_node.py -> /mnt/d/py-workspace/src/motor_control/build/motor_control/build/lib/motor_control
copying motor_control/motor_shield.py -> /mnt/d/py-workspace/src/motor_control/build/motor_control/build/lib/motor_control
copying motor_control/__init__.py -> /mnt/d/py-workspace/src/motor_control/build/motor_control/build/lib/motor_control
running install
running install_lib
creating /mnt/d/py-workspace/src/motor_control/install/motor_control/lib/python3.8/site-packages/motor_control
copying /mnt/d/py-workspace/src/motor_control/build/motor_control/build/lib/motor_control/controller.py -> /mnt/d/py-workspace/src/motor_control/install/motor_control/lib/python3.8/site-packages/motor_control
copying /mnt/d/py-workspace/src/motor_control/build/motor_control/build/lib/motor_control/motor_node.py -> /mnt/d/py-workspace/src/motor_control/install/motor_control/lib/python3.8/site-packages/motor_control
copying /mnt/d/py-workspace/src/motor_control/build/motor_control/build/lib/motor_control/motor_shield.py -> /mnt/d/py-workspace/src/motor_control/install/motor_control/lib/python3.8/site-packages/motor_control
copying /mnt/d/py-workspace/src/motor_control/build/motor_control/build/lib/motor_control/__init__.py -> /mnt/d/py-workspace/src/motor_control/install/motor_control/lib/python3.8/site-packages/motor_control
byte-compiling /mnt/d/py-workspace/src/motor_control/install/motor_control/lib/python3.8/site-packages/motor_control/controller.py to controller.cpython-38.pyc
byte-compiling /mnt/d/py-workspace/src/motor_control/install/motor_control/lib/python3.8/site-packages/motor_control/motor_node.py to motor_node.cpython-38.pyc
byte-compiling /mnt/d/py-workspace/src/motor_control/install/motor_control/lib/python3.8/site-packages/motor_control/motor_shield.py to motor_shield.cpython-38.pyc
byte-compiling /mnt/d/py-workspace/src/motor_control/install/motor_control/lib/python3.8/site-packages/motor_control/__init__.py to __init__.cpython-38.pyc
running install_data
creating /mnt/d/py-workspace/src/motor_control/install/motor_control/share/ament_index
creating /mnt/d/py-workspace/src/motor_control/install/motor_control/share/ament_index/resource_index
creating /mnt/d/py-workspace/src/motor_control/install/motor_control/share/ament_index/resource_index/packages
copying resource/motor_control -> /mnt/d/py-workspace/src/motor_control/install/motor_control/share/ament_index/resource_index/packages
copying package.xml -> /mnt/d/py-workspace/src/motor_control/install/motor_control/share/motor_control
running install_egg_info
Copying build/motor_control/motor_control.egg-info to /mnt/d/py-workspace/src/motor_control/install/motor_control/lib/python3.8/site-packages/motor_control-0.0.0-py3.8.egg-info
running install_scripts
Installing motor_node script to /mnt/d/py-workspace/src/motor_control/install/motor_control/lib/motor_control
writing list of installed files to '/mnt/d/py-workspace/src/motor_control/build/motor_control/install.log'
