[1.448s] Invoking command in '/mnt/d/py-workspace/src/motor_control': PYTHONPATH=/mnt/d/py-workspace/src/motor_control/install/motor_control/lib/python3.8/site-packages:${PYTHONPATH} /usr/bin/python3 setup.py egg_info --egg-base build/motor_control build --build-base /mnt/d/py-workspace/src/motor_control/build/motor_control/build install --prefix /mnt/d/py-workspace/src/motor_control/install/motor_control --record /mnt/d/py-workspace/src/motor_control/build/motor_control/install.log --single-version-externally-managed
[1.904s] running egg_info
[1.905s] creating build/motor_control/motor_control.egg-info
[1.905s] writing build/motor_control/motor_control.egg-info/PKG-INFO
[1.907s] writing dependency_links to build/motor_control/motor_control.egg-info/dependency_links.txt
[1.908s] writing entry points to build/motor_control/motor_control.egg-info/entry_points.txt
[1.908s] writing requirements to build/motor_control/motor_control.egg-info/requires.txt
[1.909s] writing top-level names to build/motor_control/motor_control.egg-info/top_level.txt
[1.922s] writing manifest file 'build/motor_control/motor_control.egg-info/SOURCES.txt'
[1.965s] reading manifest file 'build/motor_control/motor_control.egg-info/SOURCES.txt'
[1.966s] writing manifest file 'build/motor_control/motor_control.egg-info/SOURCES.txt'
[1.967s] running build
[1.968s] running build_py
[1.968s] creating /mnt/d/py-workspace/src/motor_control/build/motor_control/build
[1.968s] creating /mnt/d/py-workspace/src/motor_control/build/motor_control/build/lib
[1.968s] creating /mnt/d/py-workspace/src/motor_control/build/motor_control/build/lib/motor_control
[1.968s] copying motor_control/controller.py -> /mnt/d/py-workspace/src/motor_control/build/motor_control/build/lib/motor_control
[1.969s] copying motor_control/motor_node.py -> /mnt/d/py-workspace/src/motor_control/build/motor_control/build/lib/motor_control
[1.970s] copying motor_control/motor_shield.py -> /mnt/d/py-workspace/src/motor_control/build/motor_control/build/lib/motor_control
[1.971s] copying motor_control/__init__.py -> /mnt/d/py-workspace/src/motor_control/build/motor_control/build/lib/motor_control
[1.972s] running install
[1.973s] running install_lib
[1.975s] creating /mnt/d/py-workspace/src/motor_control/install/motor_control/lib/python3.8/site-packages/motor_control
[1.975s] copying /mnt/d/py-workspace/src/motor_control/build/motor_control/build/lib/motor_control/controller.py -> /mnt/d/py-workspace/src/motor_control/install/motor_control/lib/python3.8/site-packages/motor_control
[1.976s] copying /mnt/d/py-workspace/src/motor_control/build/motor_control/build/lib/motor_control/motor_node.py -> /mnt/d/py-workspace/src/motor_control/install/motor_control/lib/python3.8/site-packages/motor_control
[1.977s] copying /mnt/d/py-workspace/src/motor_control/build/motor_control/build/lib/motor_control/motor_shield.py -> /mnt/d/py-workspace/src/motor_control/install/motor_control/lib/python3.8/site-packages/motor_control
[1.979s] copying /mnt/d/py-workspace/src/motor_control/build/motor_control/build/lib/motor_control/__init__.py -> /mnt/d/py-workspace/src/motor_control/install/motor_control/lib/python3.8/site-packages/motor_control
[1.980s] byte-compiling /mnt/d/py-workspace/src/motor_control/install/motor_control/lib/python3.8/site-packages/motor_control/controller.py to controller.cpython-38.pyc
[1.984s] byte-compiling /mnt/d/py-workspace/src/motor_control/install/motor_control/lib/python3.8/site-packages/motor_control/motor_node.py to motor_node.cpython-38.pyc
[1.986s] byte-compiling /mnt/d/py-workspace/src/motor_control/install/motor_control/lib/python3.8/site-packages/motor_control/motor_shield.py to motor_shield.cpython-38.pyc
[1.990s] byte-compiling /mnt/d/py-workspace/src/motor_control/install/motor_control/lib/python3.8/site-packages/motor_control/__init__.py to __init__.cpython-38.pyc
[1.991s] running install_data
[1.992s] creating /mnt/d/py-workspace/src/motor_control/install/motor_control/share/ament_index
[1.992s] creating /mnt/d/py-workspace/src/motor_control/install/motor_control/share/ament_index/resource_index
[1.992s] creating /mnt/d/py-workspace/src/motor_control/install/motor_control/share/ament_index/resource_index/packages
[1.992s] copying resource/motor_control -> /mnt/d/py-workspace/src/motor_control/install/motor_control/share/ament_index/resource_index/packages
[1.994s] copying package.xml -> /mnt/d/py-workspace/src/motor_control/install/motor_control/share/motor_control
[1.995s] running install_egg_info
[1.997s] Copying build/motor_control/motor_control.egg-info to /mnt/d/py-workspace/src/motor_control/install/motor_control/lib/python3.8/site-packages/motor_control-0.0.0-py3.8.egg-info
[2.009s] running install_scripts
[2.035s] Installing motor_node script to /mnt/d/py-workspace/src/motor_control/install/motor_control/lib/motor_control
[2.036s] writing list of installed files to '/mnt/d/py-workspace/src/motor_control/build/motor_control/install.log'
[2.064s] Invoked command in '/mnt/d/py-workspace/src/motor_control' returned '0': PYTHONPATH=/mnt/d/py-workspace/src/motor_control/install/motor_control/lib/python3.8/site-packages:${PYTHONPATH} /usr/bin/python3 setup.py egg_info --egg-base build/motor_control build --build-base /mnt/d/py-workspace/src/motor_control/build/motor_control/build install --prefix /mnt/d/py-workspace/src/motor_control/install/motor_control --record /mnt/d/py-workspace/src/motor_control/build/motor_control/install.log --single-version-externally-managed
