[1.231s] Invoking command in '/mnt/d/py-workspace/src/motor_control': PYTHONPATH=/mnt/d/py-workspace/src/motor_control/install/motor_control/lib/python3.8/site-packages:${PYTHONPATH} /usr/bin/python3 setup.py egg_info --egg-base build/motor_control build --build-base /mnt/d/py-workspace/src/motor_control/build/motor_control/build install --prefix /mnt/d/py-workspace/src/motor_control/install/motor_control --record /mnt/d/py-workspace/src/motor_control/build/motor_control/install.log --single-version-externally-managed
[1.685s] running egg_info
[1.685s] writing build/motor_control/motor_control.egg-info/PKG-INFO
[1.686s] writing dependency_links to build/motor_control/motor_control.egg-info/dependency_links.txt
[1.687s] writing entry points to build/motor_control/motor_control.egg-info/entry_points.txt
[1.687s] writing requirements to build/motor_control/motor_control.egg-info/requires.txt
[1.687s] writing top-level names to build/motor_control/motor_control.egg-info/top_level.txt
[1.731s] reading manifest file 'build/motor_control/motor_control.egg-info/SOURCES.txt'
[1.733s] writing manifest file 'build/motor_control/motor_control.egg-info/SOURCES.txt'
[1.733s] running build
[1.733s] running build_py
[1.734s] running install
[1.735s] running install_lib
[1.738s] creating /mnt/d/py-workspace/src/motor_control/install/motor_control/lib/python3.8/site-packages/motor_control
[1.738s] copying /mnt/d/py-workspace/src/motor_control/build/motor_control/build/lib/motor_control/controller.py -> /mnt/d/py-workspace/src/motor_control/install/motor_control/lib/python3.8/site-packages/motor_control
[1.738s] copying /mnt/d/py-workspace/src/motor_control/build/motor_control/build/lib/motor_control/motor_controller.py -> /mnt/d/py-workspace/src/motor_control/install/motor_control/lib/python3.8/site-packages/motor_control
[1.739s] copying /mnt/d/py-workspace/src/motor_control/build/motor_control/build/lib/motor_control/motor_node.py -> /mnt/d/py-workspace/src/motor_control/install/motor_control/lib/python3.8/site-packages/motor_control
[1.740s] copying /mnt/d/py-workspace/src/motor_control/build/motor_control/build/lib/motor_control/motor_shield.py -> /mnt/d/py-workspace/src/motor_control/install/motor_control/lib/python3.8/site-packages/motor_control
[1.741s] copying /mnt/d/py-workspace/src/motor_control/build/motor_control/build/lib/motor_control/__init__.py -> /mnt/d/py-workspace/src/motor_control/install/motor_control/lib/python3.8/site-packages/motor_control
[1.743s] byte-compiling /mnt/d/py-workspace/src/motor_control/install/motor_control/lib/python3.8/site-packages/motor_control/controller.py to controller.cpython-38.pyc
[1.746s] byte-compiling /mnt/d/py-workspace/src/motor_control/install/motor_control/lib/python3.8/site-packages/motor_control/motor_controller.py to motor_controller.cpython-38.pyc
[1.749s] byte-compiling /mnt/d/py-workspace/src/motor_control/install/motor_control/lib/python3.8/site-packages/motor_control/motor_node.py to motor_node.cpython-38.pyc
[1.750s] byte-compiling /mnt/d/py-workspace/src/motor_control/install/motor_control/lib/python3.8/site-packages/motor_control/motor_shield.py to motor_shield.cpython-38.pyc
[1.754s] byte-compiling /mnt/d/py-workspace/src/motor_control/install/motor_control/lib/python3.8/site-packages/motor_control/__init__.py to __init__.cpython-38.pyc
[1.755s] running install_data
[1.756s] creating /mnt/d/py-workspace/src/motor_control/install/motor_control/share/ament_index
[1.756s] creating /mnt/d/py-workspace/src/motor_control/install/motor_control/share/ament_index/resource_index
[1.756s] creating /mnt/d/py-workspace/src/motor_control/install/motor_control/share/ament_index/resource_index/packages
[1.757s] copying resource/motor_control -> /mnt/d/py-workspace/src/motor_control/install/motor_control/share/ament_index/resource_index/packages
[1.758s] copying package.xml -> /mnt/d/py-workspace/src/motor_control/install/motor_control/share/motor_control
[1.759s] running install_egg_info
[1.761s] Copying build/motor_control/motor_control.egg-info to /mnt/d/py-workspace/src/motor_control/install/motor_control/lib/python3.8/site-packages/motor_control-0.0.0-py3.8.egg-info
[1.772s] running install_scripts
[1.798s] Installing motor_manager script to /mnt/d/py-workspace/src/motor_control/install/motor_control/lib/motor_control
[1.800s] writing list of installed files to '/mnt/d/py-workspace/src/motor_control/build/motor_control/install.log'
[1.822s] Invoked command in '/mnt/d/py-workspace/src/motor_control' returned '0': PYTHONPATH=/mnt/d/py-workspace/src/motor_control/install/motor_control/lib/python3.8/site-packages:${PYTHONPATH} /usr/bin/python3 setup.py egg_info --egg-base build/motor_control build --build-base /mnt/d/py-workspace/src/motor_control/build/motor_control/build install --prefix /mnt/d/py-workspace/src/motor_control/install/motor_control --record /mnt/d/py-workspace/src/motor_control/build/motor_control/install.log --single-version-externally-managed
