[1.598s] Invoking command in '/mnt/d/py-workspace/src/motor_control': PYTHONPATH=/mnt/d/py-workspace/src/motor_control/install/motor_control/lib/python3.8/site-packages:${PYTHONPATH} /usr/bin/python3 setup.py egg_info --egg-base build/motor_control build --build-base /mnt/d/py-workspace/src/motor_control/build/motor_control/build install --prefix /mnt/d/py-workspace/src/motor_control/install/motor_control --record /mnt/d/py-workspace/src/motor_control/build/motor_control/install.log --single-version-externally-managed
[2.121s] running egg_info
[2.121s] writing build/motor_control/motor_control.egg-info/PKG-INFO
[2.123s] writing dependency_links to build/motor_control/motor_control.egg-info/dependency_links.txt
[2.124s] writing entry points to build/motor_control/motor_control.egg-info/entry_points.txt
[2.125s] writing requirements to build/motor_control/motor_control.egg-info/requires.txt
[2.125s] writing top-level names to build/motor_control/motor_control.egg-info/top_level.txt
[2.181s] reading manifest file 'build/motor_control/motor_control.egg-info/SOURCES.txt'
[2.183s] writing manifest file 'build/motor_control/motor_control.egg-info/SOURCES.txt'
[2.184s] running build
[2.184s] running build_py
[2.185s] copying motor_control/controller.py -> /mnt/d/py-workspace/src/motor_control/build/motor_control/build/lib/motor_control
[2.186s] copying motor_control/motor_node.py -> /mnt/d/py-workspace/src/motor_control/build/motor_control/build/lib/motor_control
[2.188s] running install
[2.190s] running install_lib
[2.192s] copying /mnt/d/py-workspace/src/motor_control/build/motor_control/build/lib/motor_control/controller.py -> /mnt/d/py-workspace/src/motor_control/install/motor_control/lib/python3.8/site-packages/motor_control
[2.194s] copying /mnt/d/py-workspace/src/motor_control/build/motor_control/build/lib/motor_control/motor_node.py -> /mnt/d/py-workspace/src/motor_control/install/motor_control/lib/python3.8/site-packages/motor_control
[2.197s] byte-compiling /mnt/d/py-workspace/src/motor_control/install/motor_control/lib/python3.8/site-packages/motor_control/controller.py to controller.cpython-38.pyc
[2.203s] byte-compiling /mnt/d/py-workspace/src/motor_control/install/motor_control/lib/python3.8/site-packages/motor_control/motor_node.py to motor_node.cpython-38.pyc
[2.207s] running install_data
[2.209s] running install_egg_info
[2.212s] removing '/mnt/d/py-workspace/src/motor_control/install/motor_control/lib/python3.8/site-packages/motor_control-0.0.0-py3.8.egg-info' (and everything under it)
[2.215s] Copying build/motor_control/motor_control.egg-info to /mnt/d/py-workspace/src/motor_control/install/motor_control/lib/python3.8/site-packages/motor_control-0.0.0-py3.8.egg-info
[2.229s] running install_scripts
[2.273s] Installing motor_manager script to /mnt/d/py-workspace/src/motor_control/install/motor_control/lib/motor_control
[2.276s] writing list of installed files to '/mnt/d/py-workspace/src/motor_control/build/motor_control/install.log'
[2.334s] Invoked command in '/mnt/d/py-workspace/src/motor_control' returned '0': PYTHONPATH=/mnt/d/py-workspace/src/motor_control/install/motor_control/lib/python3.8/site-packages:${PYTHONPATH} /usr/bin/python3 setup.py egg_info --egg-base build/motor_control build --build-base /mnt/d/py-workspace/src/motor_control/build/motor_control/build install --prefix /mnt/d/py-workspace/src/motor_control/install/motor_control --record /mnt/d/py-workspace/src/motor_control/build/motor_control/install.log --single-version-externally-managed
