[0.268s] DEBUG:colcon:Command line arguments: ['/usr/bin/colcon', 'build', '--packages-select', 'motor_control']
[0.268s] DEBUG:colcon:Parsed command line arguments: Namespace(allow_overriding=[], ament_cmake_args=None, base_paths=['.'], build_base='build', catkin_cmake_args=None, catkin_skip_building_tests=False, cmake_args=None, cmake_clean_cache=False, cmake_clean_first=False, cmake_force_configure=False, cmake_target=None, cmake_target_skip_unavailable=False, continue_on_error=False, event_handlers=None, executor='parallel', ignore_user_meta=False, install_base='install', log_base=None, log_level=None, main=<bound method BuildVerb.main of <colcon_core.verb.build.BuildVerb object at 0x7f2a1272c940>>, merge_install=False, metas=['./colcon.meta'], packages_above=None, packages_above_and_dependencies=None, packages_above_depth=None, packages_end=None, packages_ignore=None, packages_ignore_regex=None, packages_select=['motor_control'], packages_select_build_failed=False, packages_select_by_dep=None, packages_select_regex=None, packages_select_test_failures=False, packages_skip=None, packages_skip_build_finished=False, packages_skip_by_dep=None, packages_skip_regex=None, packages_skip_test_passed=False, packages_skip_up_to=None, packages_start=None, packages_up_to=None, packages_up_to_regex=None, parallel_workers=16, paths=None, symlink_install=False, test_result_base=None, verb_extension=<colcon_core.verb.build.BuildVerb object at 0x7f2a1272c940>, verb_name='build', verb_parser=<colcon_defaults.argument_parser.defaults.DefaultArgumentsDecorator object at 0x7f2a1272ceb0>)
[0.277s] Level 1:colcon.colcon_core.package_discovery:discover_packages(colcon_meta) check parameters
[0.278s] Level 1:colcon.colcon_core.package_discovery:discover_packages(recursive) check parameters
[0.278s] Level 1:colcon.colcon_core.package_discovery:discover_packages(ignore) check parameters
[0.278s] Level 1:colcon.colcon_core.package_discovery:discover_packages(path) check parameters
[0.278s] Level 1:colcon.colcon_core.package_discovery:discover_packages(colcon_meta) discover
[0.278s] Level 1:colcon.colcon_core.package_discovery:discover_packages(recursive) discover
[0.278s] INFO:colcon.colcon_core.package_discovery:Crawling recursively for packages in '/mnt/d/py-workspace/src/motor_control'
[0.278s] Level 1:colcon.colcon_core.package_identification:_identify(.) by extensions ['ignore', 'ignore_ament_install']
[0.278s] Level 1:colcon.colcon_core.package_identification:_identify(.) by extension 'ignore'
[0.278s] Level 1:colcon.colcon_core.package_identification:_identify(.) by extension 'ignore_ament_install'
[0.279s] Level 1:colcon.colcon_core.package_identification:_identify(.) by extensions ['colcon_pkg']
[0.279s] Level 1:colcon.colcon_core.package_identification:_identify(.) by extension 'colcon_pkg'
[0.279s] Level 1:colcon.colcon_core.package_identification:_identify(.) by extensions ['colcon_meta']
[0.279s] Level 1:colcon.colcon_core.package_identification:_identify(.) by extension 'colcon_meta'
[0.279s] Level 1:colcon.colcon_core.package_identification:_identify(.) by extensions ['ros']
[0.279s] Level 1:colcon.colcon_core.package_identification:_identify(.) by extension 'ros'
[0.299s] DEBUG:colcon.colcon_core.package_identification:Package '.' with type 'ros.ament_python' and name 'motor_control'
[0.299s] Level 1:colcon.colcon_core.package_discovery:discover_packages(recursive) using defaults
[0.299s] Level 1:colcon.colcon_core.package_discovery:discover_packages(ignore) discover
[0.299s] Level 1:colcon.colcon_core.package_discovery:discover_packages(ignore) using defaults
[0.299s] Level 1:colcon.colcon_core.package_discovery:discover_packages(path) discover
[0.299s] Level 1:colcon.colcon_core.package_discovery:discover_packages(path) using defaults
[0.326s] Level 5:colcon.colcon_core.verb:set package 'motor_control' build argument 'cmake_args' from command line to 'None'
[0.326s] Level 5:colcon.colcon_core.verb:set package 'motor_control' build argument 'cmake_target' from command line to 'None'
[0.326s] Level 5:colcon.colcon_core.verb:set package 'motor_control' build argument 'cmake_target_skip_unavailable' from command line to 'False'
[0.326s] Level 5:colcon.colcon_core.verb:set package 'motor_control' build argument 'cmake_clean_cache' from command line to 'False'
[0.326s] Level 5:colcon.colcon_core.verb:set package 'motor_control' build argument 'cmake_clean_first' from command line to 'False'
[0.326s] Level 5:colcon.colcon_core.verb:set package 'motor_control' build argument 'cmake_force_configure' from command line to 'False'
[0.326s] Level 5:colcon.colcon_core.verb:set package 'motor_control' build argument 'ament_cmake_args' from command line to 'None'
[0.326s] Level 5:colcon.colcon_core.verb:set package 'motor_control' build argument 'catkin_cmake_args' from command line to 'None'
[0.326s] Level 5:colcon.colcon_core.verb:set package 'motor_control' build argument 'catkin_skip_building_tests' from command line to 'False'
[0.326s] DEBUG:colcon.colcon_core.verb:Building package 'motor_control' with the following arguments: {'ament_cmake_args': None, 'build_base': '/mnt/d/py-workspace/src/motor_control/build/motor_control', 'catkin_cmake_args': None, 'catkin_skip_building_tests': False, 'cmake_args': None, 'cmake_clean_cache': False, 'cmake_clean_first': False, 'cmake_force_configure': False, 'cmake_target': None, 'cmake_target_skip_unavailable': False, 'install_base': '/mnt/d/py-workspace/src/motor_control/install/motor_control', 'merge_install': False, 'path': '/mnt/d/py-workspace/src/motor_control', 'symlink_install': False, 'test_result_base': None}
[0.334s] INFO:colcon.colcon_core.executor:Executing jobs using 'parallel' executor
[0.337s] DEBUG:colcon.colcon_parallel_executor.executor.parallel:run_until_complete
[0.337s] INFO:colcon.colcon_ros.task.ament_python.build:Building ROS package in '/mnt/d/py-workspace/src/motor_control' with build type 'ament_python'
[0.337s] Level 1:colcon.colcon_core.shell:create_environment_hook('motor_control', 'ament_prefix_path')
[0.344s] INFO:colcon.colcon_core.plugin_system:Skipping extension 'colcon_core.shell.bat': Not used on non-Windows systems
[0.344s] INFO:colcon.colcon_core.shell:Creating environment hook '/mnt/d/py-workspace/src/motor_control/install/motor_control/share/motor_control/hook/ament_prefix_path.ps1'
[0.346s] INFO:colcon.colcon_core.shell:Creating environment descriptor '/mnt/d/py-workspace/src/motor_control/install/motor_control/share/motor_control/hook/ament_prefix_path.dsv'
[0.347s] INFO:colcon.colcon_core.shell:Creating environment hook '/mnt/d/py-workspace/src/motor_control/install/motor_control/share/motor_control/hook/ament_prefix_path.sh'
[0.349s] INFO:colcon.colcon_core.shell:Skip shell extension 'powershell' for command environment: Not usable outside of PowerShell
[0.349s] DEBUG:colcon.colcon_core.shell:Skip shell extension 'dsv' for command environment
[0.840s] INFO:colcon.colcon_core.task.python.build:Building Python package in '/mnt/d/py-workspace/src/motor_control'
[0.842s] INFO:colcon.colcon_core.shell:Skip shell extension 'powershell' for command environment: Not usable outside of PowerShell
[0.842s] DEBUG:colcon.colcon_core.shell:Skip shell extension 'dsv' for command environment
[1.591s] DEBUG:colcon.colcon_core.event_handler.log_command:Invoking command in '/mnt/d/py-workspace/src/motor_control': PYTHONPATH=/mnt/d/py-workspace/src/motor_control/install/motor_control/lib/python3.8/site-packages:${PYTHONPATH} /usr/bin/python3 setup.py egg_info --egg-base build/motor_control build --build-base /mnt/d/py-workspace/src/motor_control/build/motor_control/build install --prefix /mnt/d/py-workspace/src/motor_control/install/motor_control --record /mnt/d/py-workspace/src/motor_control/build/motor_control/install.log --single-version-externally-managed
[2.186s] DEBUG:colcon.colcon_core.event_handler.log_command:Invoked command in '/mnt/d/py-workspace/src/motor_control' returned '0': PYTHONPATH=/mnt/d/py-workspace/src/motor_control/install/motor_control/lib/python3.8/site-packages:${PYTHONPATH} /usr/bin/python3 setup.py egg_info --egg-base build/motor_control build --build-base /mnt/d/py-workspace/src/motor_control/build/motor_control/build install --prefix /mnt/d/py-workspace/src/motor_control/install/motor_control --record /mnt/d/py-workspace/src/motor_control/build/motor_control/install.log --single-version-externally-managed
[2.192s] Level 1:colcon.colcon_core.environment:checking '/mnt/d/py-workspace/src/motor_control/install/motor_control' for CMake module files
[2.194s] Level 1:colcon.colcon_core.environment:checking '/mnt/d/py-workspace/src/motor_control/install/motor_control' for CMake config files
[2.197s] Level 1:colcon.colcon_core.environment:checking '/mnt/d/py-workspace/src/motor_control/install/motor_control/lib'
[2.197s] Level 1:colcon.colcon_core.environment:checking '/mnt/d/py-workspace/src/motor_control/install/motor_control/bin'
[2.197s] Level 1:colcon.colcon_core.environment:checking '/mnt/d/py-workspace/src/motor_control/install/motor_control/lib/pkgconfig/motor_control.pc'
[2.198s] Level 1:colcon.colcon_core.environment:checking '/mnt/d/py-workspace/src/motor_control/install/motor_control/lib/python3.8/site-packages'
[2.198s] Level 1:colcon.colcon_core.shell:create_environment_hook('motor_control', 'pythonpath')
[2.198s] INFO:colcon.colcon_core.shell:Creating environment hook '/mnt/d/py-workspace/src/motor_control/install/motor_control/share/motor_control/hook/pythonpath.ps1'
[2.200s] INFO:colcon.colcon_core.shell:Creating environment descriptor '/mnt/d/py-workspace/src/motor_control/install/motor_control/share/motor_control/hook/pythonpath.dsv'
[2.201s] INFO:colcon.colcon_core.shell:Creating environment hook '/mnt/d/py-workspace/src/motor_control/install/motor_control/share/motor_control/hook/pythonpath.sh'
[2.202s] Level 1:colcon.colcon_core.environment:create_environment_scripts_only(motor_control)
[2.203s] INFO:colcon.colcon_core.shell:Creating package script '/mnt/d/py-workspace/src/motor_control/install/motor_control/share/motor_control/package.ps1'
[2.205s] INFO:colcon.colcon_core.shell:Creating package descriptor '/mnt/d/py-workspace/src/motor_control/install/motor_control/share/motor_control/package.dsv'
[2.206s] INFO:colcon.colcon_core.shell:Creating package script '/mnt/d/py-workspace/src/motor_control/install/motor_control/share/motor_control/package.sh'
[2.208s] INFO:colcon.colcon_core.shell:Creating package script '/mnt/d/py-workspace/src/motor_control/install/motor_control/share/motor_control/package.bash'
[2.210s] INFO:colcon.colcon_core.shell:Creating package script '/mnt/d/py-workspace/src/motor_control/install/motor_control/share/motor_control/package.zsh'
[2.211s] Level 1:colcon.colcon_core.environment:create_file_with_runtime_dependencies(/mnt/d/py-workspace/src/motor_control/install/motor_control/share/colcon-core/packages/motor_control)
[2.213s] DEBUG:colcon.colcon_parallel_executor.executor.parallel:closing loop
[2.213s] DEBUG:colcon.colcon_parallel_executor.executor.parallel:loop closed
[2.213s] DEBUG:colcon.colcon_parallel_executor.executor.parallel:run_until_complete finished with '0'
[2.213s] DEBUG:colcon.colcon_core.event_reactor:joining thread
[2.235s] INFO:colcon.colcon_core.plugin_system:Skipping extension 'colcon_notification.desktop_notification.notify_send': Could not find 'notify-send'
[2.235s] INFO:colcon.colcon_core.plugin_system:Skipping extension 'colcon_notification.desktop_notification.terminal_notifier': Not used on non-Darwin systems
[2.235s] INFO:colcon.colcon_core.plugin_system:Skipping extension 'colcon_notification.desktop_notification.win32': Not used on non-Windows systems
[2.235s] INFO:colcon.colcon_notification.desktop_notification:Sending desktop notification using 'notify2'
[2.235s] DEBUG:colcon.colcon_notification.desktop_notification.notify2:Failed to initialize notify2: org.freedesktop.DBus.Error.NotSupported: Unable to autolaunch a dbus-daemon without a $DISPLAY for X11
[2.235s] DEBUG:colcon.colcon_core.event_reactor:joined thread
[2.236s] INFO:colcon.colcon_core.shell:Creating prefix script '/mnt/d/py-workspace/src/motor_control/install/local_setup.ps1'
[2.238s] INFO:colcon.colcon_core.shell:Creating prefix util module '/mnt/d/py-workspace/src/motor_control/install/_local_setup_util_ps1.py'
[2.240s] INFO:colcon.colcon_core.shell:Creating prefix chain script '/mnt/d/py-workspace/src/motor_control/install/setup.ps1'
[2.242s] INFO:colcon.colcon_core.shell:Creating prefix script '/mnt/d/py-workspace/src/motor_control/install/local_setup.sh'
[2.243s] INFO:colcon.colcon_core.shell:Creating prefix util module '/mnt/d/py-workspace/src/motor_control/install/_local_setup_util_sh.py'
[2.244s] INFO:colcon.colcon_core.shell:Creating prefix chain script '/mnt/d/py-workspace/src/motor_control/install/setup.sh'
[2.247s] INFO:colcon.colcon_core.shell:Creating prefix script '/mnt/d/py-workspace/src/motor_control/install/local_setup.bash'
[2.248s] INFO:colcon.colcon_core.shell:Creating prefix chain script '/mnt/d/py-workspace/src/motor_control/install/setup.bash'
[2.250s] INFO:colcon.colcon_core.shell:Creating prefix script '/mnt/d/py-workspace/src/motor_control/install/local_setup.zsh'
[2.251s] INFO:colcon.colcon_core.shell:Creating prefix chain script '/mnt/d/py-workspace/src/motor_control/install/setup.zsh'
